    Student GPSS/H Release 3.70 (CT256)     20 Mar 2024   14:33:37     File: C:\Users\AnvelirPortable\Desktop\\1.txt

    Line# Stmt#  If Do  Block#  *Loc	Operation	A,B,C,D,E,F,G	Comments  
 
        1     1                 	SIMULATE
        2     2              1  	GENERATE 11,4
        3     3              2  	QUEUE AAA
        4     4              3  	SEIZE MEM
        5     5              4  	DEPART AAA
        6     6              5  	ADVANSE 15
        7     7              6  	RELEASE MEM
        8     8              7  	TERMINATE 1
        9     9                  
       10    10                 	START 35
       11    11                 	END

Entity Dictionary (in ascending order by entity number; "*" => value conflict.)

       Facilities: 1=MEM

           Queues: 1=AAA

Symbol   Value   EQU Defns  Context      References by Statement Number
 
MEM          1              Facility         4     7
 
AAA          1              Queue            3     5



Storage Requirements (Bytes)

Compiled Code:      206
Compiled Data:       40
Miscellaneous:        0
Entities:           368
Common:           10000
-----------------------
Total:            10614



GPSS/H Model Size:

Control Statements      3
Blocks                  7



Simulation begins.

Relative Clock: 534.1624   Absolute Clock: 534.1624



Block Current     Total  
1                    47 
2          12        47 
3                    35 
4                    35 
5                    35 
6                    35 
7                    35 



          --Avg-Util-During--                                                               
Facility  Total  Avail  Unavl     Entries    Average   Current  Percent  Seizing  Preempting
           Time   Time   Time               Time/Xact   Status   Avail     Xact      Xact   
     MEM  0.983                        35      15.000    AVAIL                  



   Queue     Maximum      Average       Total        Zero     Percent      Average      $Average     Qtable     Current
            Contents     Contents      Entries     Entries     Zeros      Time/Unit    Time/Unit     Number    Contents
     AAA          12        5.775          47           1        2.1        65.637        67.064                     12



  Random    Antithetic     Initial     Current      Sample   Chi-Square
  Stream      Variates    Position    Position       Count   Uniformity
       1           OFF      100000      100048          48       N/A



Status of Common Storage

    8200 bytes available
    1800 in use
    1912 used (max)

Simulation complete.  Absolute Clock: 534.1624



Total Block Executions: 269

Blocks / second:        9275848

Microseconds / Block:   0.11



Elapsed Time Used (Sec)
 
Pass1:           0.00
Sym/Xref         0.00
Pass2:           0.00
Load/Ctrl:       0.00
Execution:       0.00
Output:          0.00
---------------------
Total:           0.00
