    Student GPSS/H Release 3.70 (CT256)      3 Apr 2024   15:29:47     File: C:\Users\AnvelirPortable\Desktop\Работа\МАИ\3k6s\3k6s\Имитационное моделирование\Лабы\ИМ2_Обрат.txt

    Line# Stmt#  If Do  Block#  *Loc	Operation	A,B,C,D,E,F,G	Comments  
 
        1     1                 	REALLOCATE com,32000
        2     2                  
        3     3                 	SIMULATE
        4     4              1  	GENERATE 10,,,10
        5     5              2  	QUEUE QF1
        6     6              3  	SEIZE DF1
        7     7              4  	DEPART QF1
        8     8              5  	ADVANCE 10
        9     9              6  	RELEASE DF1
       10    10              7  	TRANSFER .8,Func5,Func7
       11    11              8  Func5 	QUEUE QF5
       12    12              9  	SEIZE DF5
       13    13             10  	DEPART QF5
       14    14             11  	ADVANCE 10
       15    15             12  	RELEASE DF5
       16    16             13  	TRANSFER ,Func7
       17    17             14  Func7	QUEUE QF7
       18    18             15  	SEIZE DF7
       19    19             16  	DEPART QF7
       20    20             17  	ADVANCE 10
       21    21             18  	RELEASE DF7
       22    22             19  	TRANSFER .6,Func8,Func6
       23    23             20  Func6	QUEUE QF6
       24    24             21  	SEIZE DF6
       25    25             22  	DEPART QF6
       26    26             23  	ADVANCE 10
       27    27             24  	RELEASE DF6
       28    28             25  	TRANSFER .1,Func8,Func4
       29    29             26  Func4 	QUEUE QF4
       30    30             27  	SEIZE DF4
       31    31             28  	DEPART QF4
       32    32             29  	ADVANCE 10
       33    33             30  	RELEASE DF4
       34    34             31  	TRANSFER .5,Func6,Func7
       35    35                  
       36    36             32  Func2	GENERATE 20,,,20
       37    37             33  	QUEUE QF2
       38    38             34  	SEIZE DF2
       39    39             35  	DEPART QF2
       40    40             36  	ADVANCE 10
       41    41             37  	RELEASE DF2
       42    42             38  	TRANSFER .5,Func4,Func5
       43    43                 	
       44    44             39  Func3	GENERATE 10,,,10
       45    45             40  	QUEUE QF3
       46    46             41  	SEIZE DF3
       47    47             42  	DEPART QF3
       48    48             43  	ADVANCE 10
       49    49             44  	RELEASE DF3
       50    50             45  	TRANSFER .3,Func4,Func6
       51    51                  
       52    52             46  Func8	QUEUE QF8
       53    53             47  	SEIZE DF8
       54    54             48  	DEPART QF8
       55    55             49  	ADVANCE 10
       56    56             50  	RELEASE DF8

    Student GPSS/H Release 3.70 (CT256)      3 Apr 2024   15:29:47     File: C:\Users\AnvelirPortable\Desktop\Работа\МАИ\3k6s\3k6s\Имитационное моделирование\Лабы\ИМ2_Обрат.txt

    Line# Stmt#  If Do  Block#  *Loc	Operation	A,B,C,D,E,F,G	Comments  
 
       57    57             51  	TERMINATE
       58    58                 	
       59    59             52  	GENERATE 440
       60    60             53  	TERMINATE 1
       61    61                 	START 1
       62    62                 	END

Entity Dictionary (in ascending order by entity number; "*" => value conflict.)

       Facilities: 1=DF1           2=DF5           3=DF7           4=DF6           5=DF4           6=DF2           
                   7=DF3           8=DF8

           Queues: 1=QF1           2=QF5           3=QF7           4=QF6           5=QF4           6=QF2           
                   7=QF3           8=QF8


*** Warning: The following entities have been defined but not explicitly referenced:

           Blocks:  Func2     Func3   

Symbol   Value   EQU Defns  Context      References by Statement Number
 
Func2       32          36  Block       
Func3       39          44  Block       
Func4       26          29  Block           28    42    50
Func5        8          11  Block           10    42
Func6       20          23  Block           22    34    50
Func7       14          17  Block           10    16    34
Func8       46          52  Block           22    28
 
DF1          1              Facility         6     9
DF2          6              Facility        38    41
DF3          7              Facility        46    49
DF4          5              Facility        30    33
DF5          2              Facility        12    15
DF6          4              Facility        24    27
DF7          3              Facility        18    21
DF8          8              Facility        53    56
 
QF1          1              Queue            5     7
QF2          6              Queue           37    39
QF3          7              Queue           45    47
QF4          5              Queue           29    31
QF5          2              Queue           11    13
QF6          4              Queue           23    25
QF7          3              Queue           17    19
QF8          8              Queue           52    54



Storage Requirements (Bytes)

Compiled Code:     1098
Compiled Data:      160
Miscellaneous:        0
Entities:          1040
Common:           32000
-----------------------
Total:            34298



GPSS/H Model Size:

Control Statements      3
Blocks                 53



Simulation begins.

Relative Clock: 440.0000   Absolute Clock: 440.0000



Block Current     Total  Block Current     Total  Block Current     Total  Block Current     Total  Block Current     Total
1                    10  11                    7  21                   32  31                   23  41                   10 
2                    10  12                    7  22                   32  Func2                20  42                   10 
3                    10  13                    7  23          1        32  33                   20  43                   10 
4                    10  Func7                29  24                   31  34                   20  44                   10 
5                    10  15                   29  25                   31  35                   20  45                   10 
6                    10  16                   29  Func4                23  36                   20  Func8                39 
7                    10  17                   29  27                   23  37                   20  47                   39 
Func5                 7  18                   29  28                   23  38                   20  48                   39 
9                     7  19                   29  29                   23  Func3                10  49                   39 
10                    7  Func6                32  30                   23  40                   10  50                   39 



Block Current     Total  
51                   39 
52                    1 
53                    1 



          --Avg-Util-During--                                                               
Facility  Total  Avail  Unavl     Entries    Average   Current  Percent  Seizing  Preempting
           Time   Time   Time               Time/Xact   Status   Avail     Xact      Xact   
     DF1  0.227                        10      10.000    AVAIL                  
     DF5  0.159                         7      10.000    AVAIL                  
     DF7  0.659                        29      10.000    AVAIL                  
     DF6  0.727                        32      10.000    AVAIL               41 
     DF4  0.523                        23      10.000    AVAIL                  
     DF2  0.455                        20      10.000    AVAIL                  
     DF3  0.227                        10      10.000    AVAIL                  
     DF8  0.886                        39      10.000    AVAIL                  



   Queue     Maximum      Average       Total        Zero     Percent      Average      $Average     Qtable     Current
            Contents     Contents      Entries     Entries     Zeros      Time/Unit    Time/Unit     Number    Contents
     QF1           1        0.000          10          10      100.0         0.000         0.000                      0
     QF5           1        0.000           7           7      100.0         0.000         0.000                      0
     QF7           8        1.773          29           9       31.0        26.897        39.000                      0
     QF6           3        0.432          32          20       62.5         5.937        15.833                      0
     QF4           1        0.068          23          20       87.0         1.304        10.000                      0
     QF2           1        0.000          20          20      100.0         0.000         0.000                      0
     QF3           1        0.000          10          10      100.0         0.000         0.000                      0
     QF8           8        4.091          39           1        2.6        46.154        47.368                      0

  Random    Antithetic     Initial     Current      Sample   Chi-Square
  Stream      Variates    Position    Position       Count   Uniformity
       1           OFF      100000      100123         123      0.23



Status of Common Storage

   31624 bytes available
     376 in use
    2824 used (max)

Simulation complete.  Absolute Clock: 440.0000



Total Block Executions: 1060

Blocks / second:        9869652

Microseconds / Block:   0.10



Elapsed Time Used (Sec)
 
Pass1:           0.00
Sym/Xref         0.01
Pass2:           0.00
Load/Ctrl:       0.00
Execution:       0.00
Output:          0.00
---------------------
Total:           0.01
