    Student GPSS/H Release 3.70 (CT256)     25 Jun 2024   11:56:01     File: C:\Users\AnvelirPortable\Desktop\Работа\МАИ\3k6s\3k6s\Имитационное моделирование\Лабы\Тест-Задача.txt

    Line# Stmt#  If Do  Block#  *Loc	Operation	A,B,C,D,E,F,G	Comments  
 
        1     1                 	SIMULATE
        2     2              1  	GENERATE 1
        3     3              2  	QUEUE QE1
        4     4              3  	SEIZE SE1
        5     5              4  	ADVANCE 4
        6     6              5  	DEPART QE1
        7     7              6  	RELEASE SE1
        8     8              7  	TERMINATE 1
        9     9                  
       10    10                 	START 3,,,1
       11    11                 	END

Entity Dictionary (in ascending order by entity number; "*" => value conflict.)

           Queues: 1=QE1

         Storages: 1


*** Warning: The following Storages may be undefined: (Capacity of 2**31-1 assumed)

         Storages:  1       

Symbol   Value   EQU Defns  Context      References by Statement Number
 
QE1          1              Queue            3     6
 
1            1       UNDEF  Storage          4     7



Storage Requirements (Bytes)

Compiled Code:      262
Compiled Data:       40
Miscellaneous:        0
Entities:          1544
Common:           10000
-----------------------
Total:            11846



GPSS/H Model Size:

Control Statements      3
Blocks                  7



Simulation begins.

Relative Clock: 13.0000   Absolute Clock: 13.0000



Block Current     Total  
1                    12 
2           9        12 
3                     3 
4                     3 
5                     3 
6                     3 
7                     3 



CURRENT EVENTS CHAIN

Xact     Curblk   Nxtblk   Chains  SDPGFT**   Mark-Time   Move-Time   Priority   PC Asmset     Addr

4        2        3        CEC      D            4.0000      4.0000          0               001FCD18

Xact     Curblk   Nxtblk   Chains  SDPGFT**   Mark-Time   Move-Time   Priority   PC Asmset     Addr

5        2        3        CEC      D            5.0000      5.0000          0               001FCC98

Xact     Curblk   Nxtblk   Chains  SDPGFT**   Mark-Time   Move-Time   Priority   PC Asmset     Addr

6        2        3        CEC      D            6.0000      6.0000          0               001FCEE0

Xact     Curblk   Nxtblk   Chains  SDPGFT**   Mark-Time   Move-Time   Priority   PC Asmset     Addr

7        2        3        CEC      D            7.0000      7.0000          0               001FCC18

Xact     Curblk   Nxtblk   Chains  SDPGFT**   Mark-Time   Move-Time   Priority   PC Asmset     Addr

8        2        3        CEC      D            8.0000      8.0000          0               001FCB98

Xact     Curblk   Nxtblk   Chains  SDPGFT**   Mark-Time   Move-Time   Priority   PC Asmset     Addr

9        2        3        CEC      D            9.0000      9.0000          0               001FCB18

Xact     Curblk   Nxtblk   Chains  SDPGFT**   Mark-Time   Move-Time   Priority   PC Asmset     Addr

10       2        3        CEC      D           10.0000     10.0000          0               001FCE18

Xact     Curblk   Nxtblk   Chains  SDPGFT**   Mark-Time   Move-Time   Priority   PC Asmset     Addr

11       2        3        CEC      D           11.0000     11.0000          0               001FCA98

Xact     Curblk   Nxtblk   Chains  SDPGFT**   Mark-Time   Move-Time   Priority   PC Asmset     Addr

12       2        3        CEC      D           12.0000     12.0000          0               001FCA18

Xact     Curblk   Nxtblk   Chains  SDPGFT**   Mark-Time   Move-Time   Priority   PC Asmset     Addr

13       "BIRTH"  1        CEC                   ---        13.0000          0               001FC998

          --Avg-Util-During--                                                               
Facility  Total  Avail  Unavl     Entries    Average   Current  Percent  Seizing  Preempting
           Time   Time   Time               Time/Xact   Status   Avail     Xact      Xact   
       1  0.923                         3       4.000    AVAIL                  



   Queue     Maximum      Average       Total        Zero     Percent      Average      $Average     Qtable     Current
            Contents     Contents      Entries     Entries     Zeros      Time/Unit    Time/Unit     Number    Contents
     QE1          10        5.077          12           0                    5.500         5.500                      9



Status of Common Storage

    8584 bytes available
    1416 in use
    1544 used (max)

Simulation complete.  Absolute Clock: 13.0000



Total Block Executions: 39

Blocks / second:        2785703

Microseconds / Block:   0.36



Elapsed Time Used (Sec)
 
Pass1:           0.00
Sym/Xref         0.00
Pass2:           0.00
Load/Ctrl:       0.00
Execution:       0.00
Output:          0.00
---------------------
Total:           0.00
